Arguments: 
  /Users/mardzy/.nvm/versions/node/v8.3.0/bin/node /usr/local/Cellar/yarn/1.3.2/libexec/bin/yarn.js init

PATH: 
  /Users/mardzy/.rbenv/shims:/Users/mardzy/.rbenv/shims:/Users/mardzy/.nvm/versions/node/v8.3.0/bin:/Users/mardzy/bin:/usr/local/bin:/usr/local/bin:/usr/bin:/bin:/usr/sbin:/sbin:/Library/Frameworks/Mono.framework/Versions/Current/Commands:/Applications/Postgres.app/Contents/Versions/latest/bin

Yarn version: 
  1.3.2

Node version: 
  8.3.0

Platform: 
  darwin x64

npm manifest: 
  {
    "name": "react-webpack-setup",
    "version": "1.0.0",
    "description": "A React and Webpack setup for Portfolio",
    "main": "index.js",
    "license": "MIT",
    "scripts": {
      "build": "webpack -p",
      "start": "webpack-dev-server"
    },
    "dependencies": {
      "bootstrap": "4.0.0-beta.3",
      "fontawesome": "^4.7.2",
      "npm-check": "^5.5.2",
      "react": "16.2.0",
      "react-dom": "16.2.0",
      "react-router-dom": "^4.2.2",
      "reactstrap": "^5.0.0-alpha.4",
      "really-smooth-scroll": "^2.1.1"
    },
    "devDependencies": {
      "babel-core": "^6.25.0",
      "babel-loader": "^7.1.1",
      "babel-plugin-transform-class-properties": "^6.24.1",
      "babel-plugin-transform-object-rest-spread": "^6.26.0",
      "babel-preset-es2015": "^6.24.1",
      "babel-preset-react": "^6.24.1",
      "babel-register": "^6.26.0",
      "copy-webpack-plugin": "^4.0.1",
      "css-loader": "^0.28.4",
      "enzyme": "^3.1.0",
      "enzyme-adapter-react-15": "^1.0.2",
      "file-loader": "^0.11.2",
      "html-webpack-plugin": "^2.29.0",
      "jsdom": "^11.3.0",
      "node-sass": "^4.5.3",
      "path": "^0.12.7",
      "react-test-renderer": "15",
      "sass-loader": "^6.0.6",
      "style-loader": "^0.18.2",
      "url-loader": "^0.5.9",
      "webpack": "^3.3.0",
      "webpack-dev-server": "^2.5.1"
    },
    "repository": "https://github.com/claudiaguida/claudiaguida.github.io.git",
    "author": "Mardzy <mardlingp@gmail.com>"
  }

yarn manifest: 
  No manifest

Lockfile: 
  No lockfile

Trace: 
  Error: canceled
      at Interface.<anonymous> (/usr/local/Cellar/yarn/1.3.2/libexec/lib/cli.js:121045:13)
      at emitNone (events.js:105:13)
      at Interface.emit (events.js:207:7)
      at Interface._ttyWrite (readline.js:768:16)
      at ReadStream.onkeypress (readline.js:156:10)
      at emitTwo (events.js:125:13)
      at ReadStream.emit (events.js:213:7)
      at emitKeys (internal/readline.js:420:14)
      at emitKeys.next (<anonymous>)
      at ReadStream.onData (readline.js:1005:36)
